<!DOCTYPE html PUBLIC "-//W3C//DTD XHTML 1.1//EN" "https://www.w3.org/TR/xhtml11/DTD/xhtml11.dtd">
<html xmlns="https://www.w3.org/1999/xhtml">
<head>
<meta http-equiv="content-type" content="text/html; charset=UTF-8"/>
<title>TestNG Report</title>
<style type="text/css">table {margin-bottom:10px;border-collapse:collapse;empty-cells:show}th,td {border:1px solid #009;padding:.25em .5em}th {vertical-align:bottom}td {vertical-align:top}table a {font-weight:bold}.stripe td {background-color: #E6EBF9}.num {text-align:right}.passedodd td {background-color: #3F3}.passedeven td {background-color: #0A0}.skippedodd td {background-color: #DDD}.skippedeven td {background-color: #CCC}.failedodd td,.attn {background-color: #F33}.failedeven td,.stripe .attn {background-color: #D00}.stacktrace {white-space:pre;font-family:monospace}.totop {font-size:85%;text-align:center;border-bottom:2px solid #000}.invisible {display:none}</style>
</head>
<body>
<table>
<tr><th>Test</th><th># Passed</th><th># Skipped</th><th># Retried</th><th># Failed</th><th>Time (ms)</th><th>Included Groups</th><th>Excluded Groups</th></tr>
<tr><th colspan="8">Default Suite</th></tr>
<tr><td><a href="#t0">xyz-bank-page-factory-project</a></td><td class="num">1</td><td class="num">0</td><td class="num">0</td><td class="num attn">4</td><td class="num">76,754</td><td></td><td></td></tr>
</table>
<table id='summary'><thead><tr><th>Class</th><th>Method</th><th>Start</th><th>Time (ms)</th></tr></thead><tbody><tr><th colspan="4">Default Suite</th></tr></tbody><tbody id="t0"><tr><th colspan="4">xyz-bank-page-factory-project &#8212; failed</th></tr><tr class="failedeven"><td rowspan="4">com.xyzbank.testsuite.BankTest</td><td><a href="#m0">bankManagerShouldAddCustomerSuccessfully</a></td><td rowspan="1">1689633946742</td><td rowspan="1">23016</td></tr><tr class="failedeven"><td><a href="#m1">customerShouldDepositMoneySuccessfully</a></td><td rowspan="1">1689633980397</td><td rowspan="1">1115</td></tr><tr class="failedeven"><td><a href="#m2">customerShouldLoginAndLogoutSuccessfully</a></td><td rowspan="1">1689633985218</td><td rowspan="1">3132</td></tr><tr class="failedeven"><td><a href="#m3">customerShouldWithdrawMoneySuccessfully</a></td><td rowspan="1">1689633991937</td><td rowspan="1">21898</td></tr><tr><th colspan="4">xyz-bank-page-factory-project &#8212; passed</th></tr><tr class="passedeven"><td rowspan="1">com.xyzbank.testsuite.BankTest</td><td><a href="#m4">bankManagerShouldOpenAccountSuccessfully</a></td><td rowspan="1">1689633974411</td><td rowspan="1">1519</td></tr></tbody>
</table>
<h2>xyz-bank-page-factory-project</h2><h3 id="m0">com.xyzbank.testsuite.BankTest#bankManagerShouldAddCustomerSuccessfully</h3><table class="result"><tr><th>Messages</th></tr><tr><td><div class="messages">Click to see screenshot<br/><a target = "_blank" href=C:\Users\44744\IdeaProjects\xyz-bank-page-factory-project/test-output/html/bankManagerShouldAddCustomerSuccessfullyMon_Jul_17_23_46_09_BST_2023.jpg>Screenshot</a><br/><br><br/><br><br/><a target = "_blank" href=C:\Users\44744\IdeaProjects\xyz-bank-page-factory-project/test-output/html/bankManagerShouldAddCustomerSuccessfullyMon_Jul_17_23_46_09_BST_2023.jpg><img src=C:\Users\44744\IdeaProjects\xyz-bank-page-factory-project/test-output/html/bankManagerShouldAddCustomerSuccessfullyMon_Jul_17_23_46_09_BST_2023.jpg height=200 width=200></img></a></div></td></tr><tr><th>Exception</th></tr><tr><td><div class="stacktrace">org.openqa.selenium.NoAlertPresentException: no such alert
  (Session info: chrome=114.0.5735.199)
Build info: version: &apos;4.10.0&apos;, revision: &apos;c14d967899&apos;
System info: os.name: &apos;Windows 10&apos;, os.arch: &apos;amd64&apos;, os.version: &apos;10.0&apos;, java.version: &apos;1.8.0_121&apos;
Driver info: org.openqa.selenium.chrome.ChromeDriver
Command: [449171d6bdb8f0760fa2692aa4e7421b, getAlertText {}]
Capabilities {acceptInsecureCerts: false, browserName: chrome, browserVersion: 114.0.5735.199, chrome: {chromedriverVersion: 114.0.5735.90 (386bc09e8f4f..., userDataDir: C:\Users\44744\AppData\Loca...}, goog:chromeOptions: {debuggerAddress: localhost:59510}, networkConnectionEnabled: false, pageLoadStrategy: normal, platformName: windows, proxy: Proxy(), se:cdp: ws://localhost:59510/devtoo..., se:cdpVersion: 114.0.5735.199, setWindowRect: true, strictFileInteractability: false, timeouts: {implicit: 0, pageLoad: 300000, script: 30000}, unhandledPromptBehavior: dismiss and notify, webauthn:extension:credBlob: true, webauthn:extension:largeBlob: true, webauthn:extension:minPinLength: true, webauthn:extension:prf: true, webauthn:virtualAuthenticators: true}
Session ID: 449171d6bdb8f0760fa2692aa4e7421b
	at org.openqa.selenium.remote.codec.w3c.W3CHttpResponseCodec.createException(W3CHttpResponseCodec.java:199)
	at org.openqa.selenium.remote.codec.w3c.W3CHttpResponseCodec.decode(W3CHttpResponseCodec.java:132)
	at org.openqa.selenium.remote.codec.w3c.W3CHttpResponseCodec.decode(W3CHttpResponseCodec.java:51)
	at org.openqa.selenium.remote.HttpCommandExecutor.execute(HttpCommandExecutor.java:191)
	at org.openqa.selenium.remote.service.DriverCommandExecutor.invokeExecute(DriverCommandExecutor.java:196)
	at org.openqa.selenium.remote.service.DriverCommandExecutor.execute(DriverCommandExecutor.java:171)
	at org.openqa.selenium.remote.RemoteWebDriver.execute(RemoteWebDriver.java:531)
	at org.openqa.selenium.remote.RemoteWebDriver.execute(RemoteWebDriver.java:590)
	at org.openqa.selenium.remote.RemoteWebDriver.execute(RemoteWebDriver.java:594)
	at org.openqa.selenium.remote.RemoteWebDriver$RemoteTargetLocator.alert(RemoteWebDriver.java:1084)
	at com.xyzbank.utility.Utility.getTextFromAlert(Utility.java:126)
	at com.xyzbank.testsuite.BankTest.bankManagerShouldAddCustomerSuccessfully(BankTest.java:38)
	at java.util.ArrayList.forEach(ArrayList.java:1249)
	at com.intellij.rt.testng.IDEARemoteTestNG.run(IDEARemoteTestNG.java:66)
	at com.intellij.rt.testng.RemoteTestNGStarter.main(RemoteTestNGStarter.java:105)
... Removed 28 stack frames</div></td></tr></table><p class="totop"><a href="#summary">back to summary</a></p>
<h3 id="m1">com.xyzbank.testsuite.BankTest#customerShouldDepositMoneySuccessfully</h3><table class="result"><tr><th>Messages</th></tr><tr><td><div class="messages">Click to see screenshot<br/><a target = "_blank" href=C:\Users\44744\IdeaProjects\xyz-bank-page-factory-project/test-output/html/customerShouldDepositMoneySuccessfullyMon_Jul_17_23_46_21_BST_2023.jpg>Screenshot</a><br/><br><br/><br><br/><a target = "_blank" href=C:\Users\44744\IdeaProjects\xyz-bank-page-factory-project/test-output/html/customerShouldDepositMoneySuccessfullyMon_Jul_17_23_46_21_BST_2023.jpg><img src=C:\Users\44744\IdeaProjects\xyz-bank-page-factory-project/test-output/html/customerShouldDepositMoneySuccessfullyMon_Jul_17_23_46_21_BST_2023.jpg height=200 width=200></img></a></div></td></tr><tr><th>Exception</th></tr><tr><td><div class="stacktrace">java.lang.ClassCastException: com.sun.proxy.$Proxy16 cannot be cast to org.openqa.selenium.By
	at com.xyzbank.pages.CustomersPage.depositSomeAmount(CustomersPage.java:27)
	at com.xyzbank.testsuite.BankTest.customerShouldDepositMoneySuccessfully(BankTest.java:77)
	at java.util.ArrayList.forEach(ArrayList.java:1249)
	at com.intellij.rt.testng.IDEARemoteTestNG.run(IDEARemoteTestNG.java:66)
	at com.intellij.rt.testng.RemoteTestNGStarter.main(RemoteTestNGStarter.java:105)
... Removed 24 stack frames</div></td></tr></table><p class="totop"><a href="#summary">back to summary</a></p>
<h3 id="m2">com.xyzbank.testsuite.BankTest#customerShouldLoginAndLogoutSuccessfully</h3><table class="result"><tr><th>Messages</th></tr><tr><td><div class="messages">Click to see screenshot<br/><a target = "_blank" href=C:\Users\44744\IdeaProjects\xyz-bank-page-factory-project/test-output/html/customerShouldLoginAndLogoutSuccessfullyMon_Jul_17_23_46_28_BST_2023.jpg>Screenshot</a><br/><br><br/><br><br/><a target = "_blank" href=C:\Users\44744\IdeaProjects\xyz-bank-page-factory-project/test-output/html/customerShouldLoginAndLogoutSuccessfullyMon_Jul_17_23_46_28_BST_2023.jpg><img src=C:\Users\44744\IdeaProjects\xyz-bank-page-factory-project/test-output/html/customerShouldLoginAndLogoutSuccessfullyMon_Jul_17_23_46_28_BST_2023.jpg height=200 width=200></img></a></div></td></tr><tr><th>Exception</th></tr><tr><td><div class="stacktrace">java.lang.AssertionError: Logout text is not displayed expected [Logout] but found [null]
	at com.xyzbank.testsuite.BankTest.customerShouldLoginAndLogoutSuccessfully(BankTest.java:65)
	at java.util.ArrayList.forEach(ArrayList.java:1249)
	at com.intellij.rt.testng.IDEARemoteTestNG.run(IDEARemoteTestNG.java:66)
	at com.intellij.rt.testng.RemoteTestNGStarter.main(RemoteTestNGStarter.java:105)
... Removed 29 stack frames</div></td></tr></table><p class="totop"><a href="#summary">back to summary</a></p>
<h3 id="m3">com.xyzbank.testsuite.BankTest#customerShouldWithdrawMoneySuccessfully</h3><table class="result"><tr><th>Messages</th></tr><tr><td><div class="messages">Click to see screenshot<br/><a target = "_blank" href=C:\Users\44744\IdeaProjects\xyz-bank-page-factory-project/test-output/html/customerShouldWithdrawMoneySuccessfullyMon_Jul_17_23_46_54_BST_2023.jpg>Screenshot</a><br/><br><br/><br><br/><a target = "_blank" href=C:\Users\44744\IdeaProjects\xyz-bank-page-factory-project/test-output/html/customerShouldWithdrawMoneySuccessfullyMon_Jul_17_23_46_54_BST_2023.jpg><img src=C:\Users\44744\IdeaProjects\xyz-bank-page-factory-project/test-output/html/customerShouldWithdrawMoneySuccessfullyMon_Jul_17_23_46_54_BST_2023.jpg height=200 width=200></img></a></div></td></tr><tr><th>Exception</th></tr><tr><td><div class="stacktrace">org.openqa.selenium.NoSuchElementException: no such element: Unable to locate element: {&quot;method&quot;:&quot;xpath&quot;,&quot;selector&quot;:&quot;//span[@class=&apos;error ng-binding&apos;]&quot;}
  (Session info: chrome=114.0.5735.199)
For documentation on this error, please visit: https://www.selenium.dev/documentation/webdriver/troubleshooting/errors#no-such-element-exception
Build info: version: &apos;4.10.0&apos;, revision: &apos;c14d967899&apos;
System info: os.name: &apos;Windows 10&apos;, os.arch: &apos;amd64&apos;, os.version: &apos;10.0&apos;, java.version: &apos;1.8.0_121&apos;
Driver info: org.openqa.selenium.chrome.ChromeDriver
Command: [6decba02b9e384d75cd32fc091eda3d5, findElement {using=xpath, value=//span[@class=&apos;error ng-binding&apos;]}]
Capabilities {acceptInsecureCerts: false, browserName: chrome, browserVersion: 114.0.5735.199, chrome: {chromedriverVersion: 114.0.5735.90 (386bc09e8f4f..., userDataDir: C:\Users\44744\AppData\Loca...}, goog:chromeOptions: {debuggerAddress: localhost:59632}, networkConnectionEnabled: false, pageLoadStrategy: normal, platformName: windows, proxy: Proxy(), se:cdp: ws://localhost:59632/devtoo..., se:cdpVersion: 114.0.5735.199, setWindowRect: true, strictFileInteractability: false, timeouts: {implicit: 0, pageLoad: 300000, script: 30000}, unhandledPromptBehavior: dismiss and notify, webauthn:extension:credBlob: true, webauthn:extension:largeBlob: true, webauthn:extension:minPinLength: true, webauthn:extension:prf: true, webauthn:virtualAuthenticators: true}
Session ID: 6decba02b9e384d75cd32fc091eda3d5
	at org.openqa.selenium.remote.codec.w3c.W3CHttpResponseCodec.createException(W3CHttpResponseCodec.java:199)
	at org.openqa.selenium.remote.codec.w3c.W3CHttpResponseCodec.decode(W3CHttpResponseCodec.java:132)
	at org.openqa.selenium.remote.codec.w3c.W3CHttpResponseCodec.decode(W3CHttpResponseCodec.java:51)
	at org.openqa.selenium.remote.HttpCommandExecutor.execute(HttpCommandExecutor.java:191)
	at org.openqa.selenium.remote.service.DriverCommandExecutor.invokeExecute(DriverCommandExecutor.java:196)
	at org.openqa.selenium.remote.service.DriverCommandExecutor.execute(DriverCommandExecutor.java:171)
	at org.openqa.selenium.remote.RemoteWebDriver.execute(RemoteWebDriver.java:531)
	at org.openqa.selenium.remote.ElementLocation$ElementFinder$2.findElement(ElementLocation.java:165)
	at org.openqa.selenium.remote.ElementLocation.findElement(ElementLocation.java:59)
	at org.openqa.selenium.remote.RemoteWebDriver.findElement(RemoteWebDriver.java:350)
	at org.openqa.selenium.remote.RemoteWebDriver.findElement(RemoteWebDriver.java:344)
	at org.openqa.selenium.support.pagefactory.DefaultElementLocator.findElement(DefaultElementLocator.java:68)
	at org.openqa.selenium.support.pagefactory.internal.LocatingElementHandler.invoke(LocatingElementHandler.java:38)
	at com.sun.proxy.$Proxy16.getText(Unknown Source)
	at com.xyzbank.utility.Utility.getTextFromElement(Utility.java:65)
	at com.xyzbank.pages.AccountPage.getTransitionSuccessMessage(AccountPage.java:40)
	at com.xyzbank.testsuite.BankTest.customerShouldWithdrawMoneySuccessfully(BankTest.java:92)
	at java.util.ArrayList.forEach(ArrayList.java:1249)
	at com.intellij.rt.testng.IDEARemoteTestNG.run(IDEARemoteTestNG.java:66)
	at com.intellij.rt.testng.RemoteTestNGStarter.main(RemoteTestNGStarter.java:105)
... Removed 28 stack frames</div></td></tr></table><p class="totop"><a href="#summary">back to summary</a></p>
<h3 id="m4">com.xyzbank.testsuite.BankTest#bankManagerShouldOpenAccountSuccessfully</h3><table class="result"><tr><th class="invisible"/></tr></table><p class="totop"><a href="#summary">back to summary</a></p>
</body>
</html>
