<?xml version="1.0" encoding="UTF-8"?>
<testng-results skipped="0" failed="4" ignored="0" total="5" passed="1">
  <reporter-output>
    <line>
      <![CDATA[Click to see screenshot]]>
    </line>
    <line>
      <![CDATA[<a target = "_blank" href=C:\Users\44744\IdeaProjects\xyz-bank-page-factory-project/test-output/html/bankManagerShouldAddCustomerSuccessfullyMon_Jul_17_23_46_09_BST_2023.jpg>Screenshot</a>]]>
    </line>
    <line>
      <![CDATA[<br>]]>
    </line>
    <line>
      <![CDATA[<br>]]>
    </line>
    <line>
      <![CDATA[<a target = "_blank" href=C:\Users\44744\IdeaProjects\xyz-bank-page-factory-project/test-output/html/bankManagerShouldAddCustomerSuccessfullyMon_Jul_17_23_46_09_BST_2023.jpg><img src=C:\Users\44744\IdeaProjects\xyz-bank-page-factory-project/test-output/html/bankManagerShouldAddCustomerSuccessfullyMon_Jul_17_23_46_09_BST_2023.jpg height=200 width=200></img></a>]]>
    </line>
    <line>
      <![CDATA[Click to see screenshot]]>
    </line>
    <line>
      <![CDATA[<a target = "_blank" href=C:\Users\44744\IdeaProjects\xyz-bank-page-factory-project/test-output/html/customerShouldDepositMoneySuccessfullyMon_Jul_17_23_46_21_BST_2023.jpg>Screenshot</a>]]>
    </line>
    <line>
      <![CDATA[<br>]]>
    </line>
    <line>
      <![CDATA[<br>]]>
    </line>
    <line>
      <![CDATA[<a target = "_blank" href=C:\Users\44744\IdeaProjects\xyz-bank-page-factory-project/test-output/html/customerShouldDepositMoneySuccessfullyMon_Jul_17_23_46_21_BST_2023.jpg><img src=C:\Users\44744\IdeaProjects\xyz-bank-page-factory-project/test-output/html/customerShouldDepositMoneySuccessfullyMon_Jul_17_23_46_21_BST_2023.jpg height=200 width=200></img></a>]]>
    </line>
    <line>
      <![CDATA[Click to see screenshot]]>
    </line>
    <line>
      <![CDATA[<a target = "_blank" href=C:\Users\44744\IdeaProjects\xyz-bank-page-factory-project/test-output/html/customerShouldLoginAndLogoutSuccessfullyMon_Jul_17_23_46_28_BST_2023.jpg>Screenshot</a>]]>
    </line>
    <line>
      <![CDATA[<br>]]>
    </line>
    <line>
      <![CDATA[<br>]]>
    </line>
    <line>
      <![CDATA[<a target = "_blank" href=C:\Users\44744\IdeaProjects\xyz-bank-page-factory-project/test-output/html/customerShouldLoginAndLogoutSuccessfullyMon_Jul_17_23_46_28_BST_2023.jpg><img src=C:\Users\44744\IdeaProjects\xyz-bank-page-factory-project/test-output/html/customerShouldLoginAndLogoutSuccessfullyMon_Jul_17_23_46_28_BST_2023.jpg height=200 width=200></img></a>]]>
    </line>
    <line>
      <![CDATA[Click to see screenshot]]>
    </line>
    <line>
      <![CDATA[<a target = "_blank" href=C:\Users\44744\IdeaProjects\xyz-bank-page-factory-project/test-output/html/customerShouldWithdrawMoneySuccessfullyMon_Jul_17_23_46_54_BST_2023.jpg>Screenshot</a>]]>
    </line>
    <line>
      <![CDATA[<br>]]>
    </line>
    <line>
      <![CDATA[<br>]]>
    </line>
    <line>
      <![CDATA[<a target = "_blank" href=C:\Users\44744\IdeaProjects\xyz-bank-page-factory-project/test-output/html/customerShouldWithdrawMoneySuccessfullyMon_Jul_17_23_46_54_BST_2023.jpg><img src=C:\Users\44744\IdeaProjects\xyz-bank-page-factory-project/test-output/html/customerShouldWithdrawMoneySuccessfullyMon_Jul_17_23_46_54_BST_2023.jpg height=200 width=200></img></a>]]>
    </line>
  </reporter-output>
  <suite name="Default Suite" duration-ms="76754" started-at="2023-07-17T23:45:37 BST" finished-at="2023-07-17T23:46:54 BST">
    <groups>
      <group name="regression">
        <method signature="BankTest.bankManagerShouldAddCustomerSuccessfully()[pri:0, instance:com.xyzbank.testsuite.BankTest@4bbfb90a]" name="bankManagerShouldAddCustomerSuccessfully" class="com.xyzbank.testsuite.BankTest"/>
        <method signature="BankTest.bankManagerShouldOpenAccountSuccessfully()[pri:0, instance:com.xyzbank.testsuite.BankTest@4bbfb90a]" name="bankManagerShouldOpenAccountSuccessfully" class="com.xyzbank.testsuite.BankTest"/>
        <method signature="BankTest.customerShouldDepositMoneySuccessfully()[pri:0, instance:com.xyzbank.testsuite.BankTest@4bbfb90a]" name="customerShouldDepositMoneySuccessfully" class="com.xyzbank.testsuite.BankTest"/>
        <method signature="BankTest.customerShouldLoginAndLogoutSuccessfully()[pri:0, instance:com.xyzbank.testsuite.BankTest@4bbfb90a]" name="customerShouldLoginAndLogoutSuccessfully" class="com.xyzbank.testsuite.BankTest"/>
        <method signature="BankTest.customerShouldWithdrawMoneySuccessfully()[pri:0, instance:com.xyzbank.testsuite.BankTest@4bbfb90a]" name="customerShouldWithdrawMoneySuccessfully" class="com.xyzbank.testsuite.BankTest"/>
      </group> <!-- regression -->
      <group name="smoke">
        <method signature="BankTest.bankManagerShouldOpenAccountSuccessfully()[pri:0, instance:com.xyzbank.testsuite.BankTest@4bbfb90a]" name="bankManagerShouldOpenAccountSuccessfully" class="com.xyzbank.testsuite.BankTest"/>
      </group> <!-- smoke -->
      <group name="sanity">
        <method signature="BankTest.bankManagerShouldAddCustomerSuccessfully()[pri:0, instance:com.xyzbank.testsuite.BankTest@4bbfb90a]" name="bankManagerShouldAddCustomerSuccessfully" class="com.xyzbank.testsuite.BankTest"/>
      </group> <!-- sanity -->
    </groups>
    <test name="xyz-bank-page-factory-project" duration-ms="76754" started-at="2023-07-17T23:45:37 BST" finished-at="2023-07-17T23:46:54 BST">
      <class name="com.xyzbank.testsuite.BankTest">
        <test-method status="PASS" signature="setUp()[pri:0, instance:com.xyzbank.testsuite.BankTest@4bbfb90a]" name="setUp" is-config="true" duration-ms="8513" started-at="2023-07-17T23:45:38 BST" finished-at="2023-07-17T23:45:46 BST">
          <reporter-output>
          </reporter-output>
        </test-method> <!-- setUp -->
        <test-method status="PASS" signature="inIT()[pri:0, instance:com.xyzbank.testsuite.BankTest@4bbfb90a]" name="inIT" is-config="true" duration-ms="23" started-at="2023-07-17T23:45:46 BST" finished-at="2023-07-17T23:45:46 BST">
          <reporter-output>
          </reporter-output>
        </test-method> <!-- inIT -->
        <test-method status="FAIL" signature="bankManagerShouldAddCustomerSuccessfully()[pri:0, instance:com.xyzbank.testsuite.BankTest@4bbfb90a]" name="bankManagerShouldAddCustomerSuccessfully" duration-ms="23016" started-at="2023-07-17T23:45:46 BST" finished-at="2023-07-17T23:46:09 BST">
          <exception class="org.openqa.selenium.NoAlertPresentException">
            <message>
              <![CDATA[no such alert
  (Session info: chrome=114.0.5735.199)
Build info: version: '4.10.0', revision: 'c14d967899'
System info: os.name: 'Windows 10', os.arch: 'amd64', os.version: '10.0', java.version: '1.8.0_121'
Driver info: org.openqa.selenium.chrome.ChromeDriver
Command: [449171d6bdb8f0760fa2692aa4e7421b, getAlertText {}]
Capabilities {acceptInsecureCerts: false, browserName: chrome, browserVersion: 114.0.5735.199, chrome: {chromedriverVersion: 114.0.5735.90 (386bc09e8f4f..., userDataDir: C:\Users\44744\AppData\Loca...}, goog:chromeOptions: {debuggerAddress: localhost:59510}, networkConnectionEnabled: false, pageLoadStrategy: normal, platformName: windows, proxy: Proxy(), se:cdp: ws://localhost:59510/devtoo..., se:cdpVersion: 114.0.5735.199, setWindowRect: true, strictFileInteractability: false, timeouts: {implicit: 0, pageLoad: 300000, script: 30000}, unhandledPromptBehavior: dismiss and notify, webauthn:extension:credBlob: true, webauthn:extension:largeBlob: true, webauthn:extension:minPinLength: true, webauthn:extension:prf: true, webauthn:virtualAuthenticators: true}
Session ID: 449171d6bdb8f0760fa2692aa4e7421b]]>
            </message>
            <full-stacktrace>
              <![CDATA[org.openqa.selenium.NoAlertPresentException: no such alert
  (Session info: chrome=114.0.5735.199)
Build info: version: '4.10.0', revision: 'c14d967899'
System info: os.name: 'Windows 10', os.arch: 'amd64', os.version: '10.0', java.version: '1.8.0_121'
Driver info: org.openqa.selenium.chrome.ChromeDriver
Command: [449171d6bdb8f0760fa2692aa4e7421b, getAlertText {}]
Capabilities {acceptInsecureCerts: false, browserName: chrome, browserVersion: 114.0.5735.199, chrome: {chromedriverVersion: 114.0.5735.90 (386bc09e8f4f..., userDataDir: C:\Users\44744\AppData\Loca...}, goog:chromeOptions: {debuggerAddress: localhost:59510}, networkConnectionEnabled: false, pageLoadStrategy: normal, platformName: windows, proxy: Proxy(), se:cdp: ws://localhost:59510/devtoo..., se:cdpVersion: 114.0.5735.199, setWindowRect: true, strictFileInteractability: false, timeouts: {implicit: 0, pageLoad: 300000, script: 30000}, unhandledPromptBehavior: dismiss and notify, webauthn:extension:credBlob: true, webauthn:extension:largeBlob: true, webauthn:extension:minPinLength: true, webauthn:extension:prf: true, webauthn:virtualAuthenticators: true}
Session ID: 449171d6bdb8f0760fa2692aa4e7421b
at sun.reflect.NativeConstructorAccessorImpl.newInstance0(Native Method)
at sun.reflect.NativeConstructorAccessorImpl.newInstance(NativeConstructorAccessorImpl.java:62)
at sun.reflect.DelegatingConstructorAccessorImpl.newInstance(DelegatingConstructorAccessorImpl.java:45)
at java.lang.reflect.Constructor.newInstance(Constructor.java:423)
at org.openqa.selenium.remote.codec.w3c.W3CHttpResponseCodec.createException(W3CHttpResponseCodec.java:199)
at org.openqa.selenium.remote.codec.w3c.W3CHttpResponseCodec.decode(W3CHttpResponseCodec.java:132)
at org.openqa.selenium.remote.codec.w3c.W3CHttpResponseCodec.decode(W3CHttpResponseCodec.java:51)
at org.openqa.selenium.remote.HttpCommandExecutor.execute(HttpCommandExecutor.java:191)
at org.openqa.selenium.remote.service.DriverCommandExecutor.invokeExecute(DriverCommandExecutor.java:196)
at org.openqa.selenium.remote.service.DriverCommandExecutor.execute(DriverCommandExecutor.java:171)
at org.openqa.selenium.remote.RemoteWebDriver.execute(RemoteWebDriver.java:531)
at org.openqa.selenium.remote.RemoteWebDriver.execute(RemoteWebDriver.java:590)
at org.openqa.selenium.remote.RemoteWebDriver.execute(RemoteWebDriver.java:594)
at org.openqa.selenium.remote.RemoteWebDriver$RemoteTargetLocator.alert(RemoteWebDriver.java:1084)
at com.xyzbank.utility.Utility.getTextFromAlert(Utility.java:126)
at com.xyzbank.testsuite.BankTest.bankManagerShouldAddCustomerSuccessfully(BankTest.java:38)
at sun.reflect.NativeMethodAccessorImpl.invoke0(Native Method)
at sun.reflect.NativeMethodAccessorImpl.invoke(NativeMethodAccessorImpl.java:62)
at sun.reflect.DelegatingMethodAccessorImpl.invoke(DelegatingMethodAccessorImpl.java:43)
at java.lang.reflect.Method.invoke(Method.java:498)
at org.testng.internal.invokers.MethodInvocationHelper.invokeMethod(MethodInvocationHelper.java:135)
at org.testng.internal.invokers.TestInvoker.invokeMethod(TestInvoker.java:673)
at org.testng.internal.invokers.TestInvoker.invokeTestMethod(TestInvoker.java:220)
at org.testng.internal.invokers.MethodRunner.runInSequence(MethodRunner.java:50)
at org.testng.internal.invokers.TestInvoker$MethodInvocationAgent.invoke(TestInvoker.java:945)
at org.testng.internal.invokers.TestInvoker.invokeTestMethods(TestInvoker.java:193)
at org.testng.internal.invokers.TestMethodWorker.invokeTestMethods(TestMethodWorker.java:146)
at org.testng.internal.invokers.TestMethodWorker.run(TestMethodWorker.java:128)
at java.util.ArrayList.forEach(ArrayList.java:1249)
at org.testng.TestRunner.privateRun(TestRunner.java:808)
at org.testng.TestRunner.run(TestRunner.java:603)
at org.testng.SuiteRunner.runTest(SuiteRunner.java:429)
at org.testng.SuiteRunner.runSequentially(SuiteRunner.java:423)
at org.testng.SuiteRunner.privateRun(SuiteRunner.java:383)
at org.testng.SuiteRunner.run(SuiteRunner.java:326)
at org.testng.SuiteRunnerWorker.runSuite(SuiteRunnerWorker.java:52)
at org.testng.SuiteRunnerWorker.run(SuiteRunnerWorker.java:95)
at org.testng.TestNG.runSuitesSequentially(TestNG.java:1249)
at org.testng.TestNG.runSuitesLocally(TestNG.java:1169)
at org.testng.TestNG.runSuites(TestNG.java:1092)
at org.testng.TestNG.run(TestNG.java:1060)
at com.intellij.rt.testng.IDEARemoteTestNG.run(IDEARemoteTestNG.java:66)
at com.intellij.rt.testng.RemoteTestNGStarter.main(RemoteTestNGStarter.java:105)
]]>
            </full-stacktrace>
          </exception> <!-- org.openqa.selenium.NoAlertPresentException -->
          <reporter-output>
            <line>
              <![CDATA[Click to see screenshot]]>
            </line>
            <line>
              <![CDATA[<a target = "_blank" href=C:\Users\44744\IdeaProjects\xyz-bank-page-factory-project/test-output/html/bankManagerShouldAddCustomerSuccessfullyMon_Jul_17_23_46_09_BST_2023.jpg>Screenshot</a>]]>
            </line>
            <line>
              <![CDATA[<br>]]>
            </line>
            <line>
              <![CDATA[<br>]]>
            </line>
            <line>
              <![CDATA[<a target = "_blank" href=C:\Users\44744\IdeaProjects\xyz-bank-page-factory-project/test-output/html/bankManagerShouldAddCustomerSuccessfullyMon_Jul_17_23_46_09_BST_2023.jpg><img src=C:\Users\44744\IdeaProjects\xyz-bank-page-factory-project/test-output/html/bankManagerShouldAddCustomerSuccessfullyMon_Jul_17_23_46_09_BST_2023.jpg height=200 width=200></img></a>]]>
            </line>
          </reporter-output>
        </test-method> <!-- bankManagerShouldAddCustomerSuccessfully -->
        <test-method status="PASS" signature="tearDown()[pri:0, instance:com.xyzbank.testsuite.BankTest@4bbfb90a]" name="tearDown" is-config="true" duration-ms="775" started-at="2023-07-17T23:46:09 BST" finished-at="2023-07-17T23:46:10 BST">
          <reporter-output>
          </reporter-output>
        </test-method> <!-- tearDown -->
        <test-method status="PASS" signature="setUp()[pri:0, instance:com.xyzbank.testsuite.BankTest@4bbfb90a]" name="setUp" is-config="true" duration-ms="3704" started-at="2023-07-17T23:46:10 BST" finished-at="2023-07-17T23:46:14 BST">
          <reporter-output>
          </reporter-output>
        </test-method> <!-- setUp -->
        <test-method status="PASS" signature="inIT()[pri:0, instance:com.xyzbank.testsuite.BankTest@4bbfb90a]" name="inIT" is-config="true" duration-ms="1" started-at="2023-07-17T23:46:14 BST" finished-at="2023-07-17T23:46:14 BST">
          <reporter-output>
          </reporter-output>
        </test-method> <!-- inIT -->
        <test-method status="PASS" signature="bankManagerShouldOpenAccountSuccessfully()[pri:0, instance:com.xyzbank.testsuite.BankTest@4bbfb90a]" name="bankManagerShouldOpenAccountSuccessfully" duration-ms="1519" started-at="2023-07-17T23:46:14 BST" finished-at="2023-07-17T23:46:15 BST">
          <reporter-output>
          </reporter-output>
        </test-method> <!-- bankManagerShouldOpenAccountSuccessfully -->
        <test-method status="PASS" signature="tearDown()[pri:0, instance:com.xyzbank.testsuite.BankTest@4bbfb90a]" name="tearDown" is-config="true" duration-ms="635" started-at="2023-07-17T23:46:15 BST" finished-at="2023-07-17T23:46:16 BST">
          <reporter-output>
          </reporter-output>
        </test-method> <!-- tearDown -->
        <test-method status="PASS" signature="setUp()[pri:0, instance:com.xyzbank.testsuite.BankTest@4bbfb90a]" name="setUp" is-config="true" duration-ms="3830" started-at="2023-07-17T23:46:16 BST" finished-at="2023-07-17T23:46:20 BST">
          <reporter-output>
          </reporter-output>
        </test-method> <!-- setUp -->
        <test-method status="PASS" signature="inIT()[pri:0, instance:com.xyzbank.testsuite.BankTest@4bbfb90a]" name="inIT" is-config="true" duration-ms="1" started-at="2023-07-17T23:46:20 BST" finished-at="2023-07-17T23:46:20 BST">
          <reporter-output>
          </reporter-output>
        </test-method> <!-- inIT -->
        <test-method status="FAIL" signature="customerShouldDepositMoneySuccessfully()[pri:0, instance:com.xyzbank.testsuite.BankTest@4bbfb90a]" name="customerShouldDepositMoneySuccessfully" duration-ms="1115" started-at="2023-07-17T23:46:20 BST" finished-at="2023-07-17T23:46:21 BST">
          <exception class="java.lang.ClassCastException">
            <message>
              <![CDATA[com.sun.proxy.$Proxy16 cannot be cast to org.openqa.selenium.By]]>
            </message>
            <full-stacktrace>
              <![CDATA[java.lang.ClassCastException: com.sun.proxy.$Proxy16 cannot be cast to org.openqa.selenium.By
at com.xyzbank.pages.CustomersPage.depositSomeAmount(CustomersPage.java:27)
at com.xyzbank.testsuite.BankTest.customerShouldDepositMoneySuccessfully(BankTest.java:77)
at sun.reflect.NativeMethodAccessorImpl.invoke0(Native Method)
at sun.reflect.NativeMethodAccessorImpl.invoke(NativeMethodAccessorImpl.java:62)
at sun.reflect.DelegatingMethodAccessorImpl.invoke(DelegatingMethodAccessorImpl.java:43)
at java.lang.reflect.Method.invoke(Method.java:498)
at org.testng.internal.invokers.MethodInvocationHelper.invokeMethod(MethodInvocationHelper.java:135)
at org.testng.internal.invokers.TestInvoker.invokeMethod(TestInvoker.java:673)
at org.testng.internal.invokers.TestInvoker.invokeTestMethod(TestInvoker.java:220)
at org.testng.internal.invokers.MethodRunner.runInSequence(MethodRunner.java:50)
at org.testng.internal.invokers.TestInvoker$MethodInvocationAgent.invoke(TestInvoker.java:945)
at org.testng.internal.invokers.TestInvoker.invokeTestMethods(TestInvoker.java:193)
at org.testng.internal.invokers.TestMethodWorker.invokeTestMethods(TestMethodWorker.java:146)
at org.testng.internal.invokers.TestMethodWorker.run(TestMethodWorker.java:128)
at java.util.ArrayList.forEach(ArrayList.java:1249)
at org.testng.TestRunner.privateRun(TestRunner.java:808)
at org.testng.TestRunner.run(TestRunner.java:603)
at org.testng.SuiteRunner.runTest(SuiteRunner.java:429)
at org.testng.SuiteRunner.runSequentially(SuiteRunner.java:423)
at org.testng.SuiteRunner.privateRun(SuiteRunner.java:383)
at org.testng.SuiteRunner.run(SuiteRunner.java:326)
at org.testng.SuiteRunnerWorker.runSuite(SuiteRunnerWorker.java:52)
at org.testng.SuiteRunnerWorker.run(SuiteRunnerWorker.java:95)
at org.testng.TestNG.runSuitesSequentially(TestNG.java:1249)
at org.testng.TestNG.runSuitesLocally(TestNG.java:1169)
at org.testng.TestNG.runSuites(TestNG.java:1092)
at org.testng.TestNG.run(TestNG.java:1060)
at com.intellij.rt.testng.IDEARemoteTestNG.run(IDEARemoteTestNG.java:66)
at com.intellij.rt.testng.RemoteTestNGStarter.main(RemoteTestNGStarter.java:105)
]]>
            </full-stacktrace>
          </exception> <!-- java.lang.ClassCastException -->
          <reporter-output>
            <line>
              <![CDATA[Click to see screenshot]]>
            </line>
            <line>
              <![CDATA[<a target = "_blank" href=C:\Users\44744\IdeaProjects\xyz-bank-page-factory-project/test-output/html/customerShouldDepositMoneySuccessfullyMon_Jul_17_23_46_21_BST_2023.jpg>Screenshot</a>]]>
            </line>
            <line>
              <![CDATA[<br>]]>
            </line>
            <line>
              <![CDATA[<br>]]>
            </line>
            <line>
              <![CDATA[<a target = "_blank" href=C:\Users\44744\IdeaProjects\xyz-bank-page-factory-project/test-output/html/customerShouldDepositMoneySuccessfullyMon_Jul_17_23_46_21_BST_2023.jpg><img src=C:\Users\44744\IdeaProjects\xyz-bank-page-factory-project/test-output/html/customerShouldDepositMoneySuccessfullyMon_Jul_17_23_46_21_BST_2023.jpg height=200 width=200></img></a>]]>
            </line>
          </reporter-output>
        </test-method> <!-- customerShouldDepositMoneySuccessfully -->
        <test-method status="PASS" signature="tearDown()[pri:0, instance:com.xyzbank.testsuite.BankTest@4bbfb90a]" name="tearDown" is-config="true" duration-ms="644" started-at="2023-07-17T23:46:21 BST" finished-at="2023-07-17T23:46:22 BST">
          <reporter-output>
          </reporter-output>
        </test-method> <!-- tearDown -->
        <test-method status="PASS" signature="setUp()[pri:0, instance:com.xyzbank.testsuite.BankTest@4bbfb90a]" name="setUp" is-config="true" duration-ms="2875" started-at="2023-07-17T23:46:22 BST" finished-at="2023-07-17T23:46:25 BST">
          <reporter-output>
          </reporter-output>
        </test-method> <!-- setUp -->
        <test-method status="PASS" signature="inIT()[pri:0, instance:com.xyzbank.testsuite.BankTest@4bbfb90a]" name="inIT" is-config="true" duration-ms="1" started-at="2023-07-17T23:46:25 BST" finished-at="2023-07-17T23:46:25 BST">
          <reporter-output>
          </reporter-output>
        </test-method> <!-- inIT -->
        <test-method status="FAIL" signature="customerShouldLoginAndLogoutSuccessfully()[pri:0, instance:com.xyzbank.testsuite.BankTest@4bbfb90a]" name="customerShouldLoginAndLogoutSuccessfully" duration-ms="3132" started-at="2023-07-17T23:46:25 BST" finished-at="2023-07-17T23:46:28 BST">
          <exception class="java.lang.AssertionError">
            <message>
              <![CDATA[Logout text is not displayed expected [Logout] but found [null]]]>
            </message>
            <full-stacktrace>
              <![CDATA[java.lang.AssertionError: Logout text is not displayed expected [Logout] but found [null]
at org.testng.Assert.fail(Assert.java:110)
at org.testng.Assert.failNotEquals(Assert.java:1413)
at org.testng.Assert.assertEqualsImpl(Assert.java:149)
at org.testng.Assert.assertEquals(Assert.java:131)
at org.testng.Assert.assertEquals(Assert.java:655)
at com.xyzbank.testsuite.BankTest.customerShouldLoginAndLogoutSuccessfully(BankTest.java:65)
at sun.reflect.NativeMethodAccessorImpl.invoke0(Native Method)
at sun.reflect.NativeMethodAccessorImpl.invoke(NativeMethodAccessorImpl.java:62)
at sun.reflect.DelegatingMethodAccessorImpl.invoke(DelegatingMethodAccessorImpl.java:43)
at java.lang.reflect.Method.invoke(Method.java:498)
at org.testng.internal.invokers.MethodInvocationHelper.invokeMethod(MethodInvocationHelper.java:135)
at org.testng.internal.invokers.TestInvoker.invokeMethod(TestInvoker.java:673)
at org.testng.internal.invokers.TestInvoker.invokeTestMethod(TestInvoker.java:220)
at org.testng.internal.invokers.MethodRunner.runInSequence(MethodRunner.java:50)
at org.testng.internal.invokers.TestInvoker$MethodInvocationAgent.invoke(TestInvoker.java:945)
at org.testng.internal.invokers.TestInvoker.invokeTestMethods(TestInvoker.java:193)
at org.testng.internal.invokers.TestMethodWorker.invokeTestMethods(TestMethodWorker.java:146)
at org.testng.internal.invokers.TestMethodWorker.run(TestMethodWorker.java:128)
at java.util.ArrayList.forEach(ArrayList.java:1249)
at org.testng.TestRunner.privateRun(TestRunner.java:808)
at org.testng.TestRunner.run(TestRunner.java:603)
at org.testng.SuiteRunner.runTest(SuiteRunner.java:429)
at org.testng.SuiteRunner.runSequentially(SuiteRunner.java:423)
at org.testng.SuiteRunner.privateRun(SuiteRunner.java:383)
at org.testng.SuiteRunner.run(SuiteRunner.java:326)
at org.testng.SuiteRunnerWorker.runSuite(SuiteRunnerWorker.java:52)
at org.testng.SuiteRunnerWorker.run(SuiteRunnerWorker.java:95)
at org.testng.TestNG.runSuitesSequentially(TestNG.java:1249)
at org.testng.TestNG.runSuitesLocally(TestNG.java:1169)
at org.testng.TestNG.runSuites(TestNG.java:1092)
at org.testng.TestNG.run(TestNG.java:1060)
at com.intellij.rt.testng.IDEARemoteTestNG.run(IDEARemoteTestNG.java:66)
at com.intellij.rt.testng.RemoteTestNGStarter.main(RemoteTestNGStarter.java:105)
]]>
            </full-stacktrace>
          </exception> <!-- java.lang.AssertionError -->
          <reporter-output>
            <line>
              <![CDATA[Click to see screenshot]]>
            </line>
            <line>
              <![CDATA[<a target = "_blank" href=C:\Users\44744\IdeaProjects\xyz-bank-page-factory-project/test-output/html/customerShouldLoginAndLogoutSuccessfullyMon_Jul_17_23_46_28_BST_2023.jpg>Screenshot</a>]]>
            </line>
            <line>
              <![CDATA[<br>]]>
            </line>
            <line>
              <![CDATA[<br>]]>
            </line>
            <line>
              <![CDATA[<a target = "_blank" href=C:\Users\44744\IdeaProjects\xyz-bank-page-factory-project/test-output/html/customerShouldLoginAndLogoutSuccessfullyMon_Jul_17_23_46_28_BST_2023.jpg><img src=C:\Users\44744\IdeaProjects\xyz-bank-page-factory-project/test-output/html/customerShouldLoginAndLogoutSuccessfullyMon_Jul_17_23_46_28_BST_2023.jpg height=200 width=200></img></a>]]>
            </line>
          </reporter-output>
        </test-method> <!-- customerShouldLoginAndLogoutSuccessfully -->
        <test-method status="PASS" signature="tearDown()[pri:0, instance:com.xyzbank.testsuite.BankTest@4bbfb90a]" name="tearDown" is-config="true" duration-ms="623" started-at="2023-07-17T23:46:28 BST" finished-at="2023-07-17T23:46:29 BST">
          <reporter-output>
          </reporter-output>
        </test-method> <!-- tearDown -->
        <test-method status="PASS" signature="setUp()[pri:0, instance:com.xyzbank.testsuite.BankTest@4bbfb90a]" name="setUp" is-config="true" duration-ms="2812" started-at="2023-07-17T23:46:29 BST" finished-at="2023-07-17T23:46:31 BST">
          <reporter-output>
          </reporter-output>
        </test-method> <!-- setUp -->
        <test-method status="PASS" signature="inIT()[pri:0, instance:com.xyzbank.testsuite.BankTest@4bbfb90a]" name="inIT" is-config="true" duration-ms="1" started-at="2023-07-17T23:46:31 BST" finished-at="2023-07-17T23:46:31 BST">
          <reporter-output>
          </reporter-output>
        </test-method> <!-- inIT -->
        <test-method status="FAIL" signature="customerShouldWithdrawMoneySuccessfully()[pri:0, instance:com.xyzbank.testsuite.BankTest@4bbfb90a]" name="customerShouldWithdrawMoneySuccessfully" duration-ms="21898" started-at="2023-07-17T23:46:31 BST" finished-at="2023-07-17T23:46:53 BST">
          <exception class="org.openqa.selenium.NoSuchElementException">
            <message>
              <![CDATA[no such element: Unable to locate element: {"method":"xpath","selector":"//span[@class='error ng-binding']"}
  (Session info: chrome=114.0.5735.199)
For documentation on this error, please visit: https://www.selenium.dev/documentation/webdriver/troubleshooting/errors#no-such-element-exception
Build info: version: '4.10.0', revision: 'c14d967899'
System info: os.name: 'Windows 10', os.arch: 'amd64', os.version: '10.0', java.version: '1.8.0_121'
Driver info: org.openqa.selenium.chrome.ChromeDriver
Command: [6decba02b9e384d75cd32fc091eda3d5, findElement {using=xpath, value=//span[@class='error ng-binding']}]
Capabilities {acceptInsecureCerts: false, browserName: chrome, browserVersion: 114.0.5735.199, chrome: {chromedriverVersion: 114.0.5735.90 (386bc09e8f4f..., userDataDir: C:\Users\44744\AppData\Loca...}, goog:chromeOptions: {debuggerAddress: localhost:59632}, networkConnectionEnabled: false, pageLoadStrategy: normal, platformName: windows, proxy: Proxy(), se:cdp: ws://localhost:59632/devtoo..., se:cdpVersion: 114.0.5735.199, setWindowRect: true, strictFileInteractability: false, timeouts: {implicit: 0, pageLoad: 300000, script: 30000}, unhandledPromptBehavior: dismiss and notify, webauthn:extension:credBlob: true, webauthn:extension:largeBlob: true, webauthn:extension:minPinLength: true, webauthn:extension:prf: true, webauthn:virtualAuthenticators: true}
Session ID: 6decba02b9e384d75cd32fc091eda3d5]]>
            </message>
            <full-stacktrace>
              <![CDATA[org.openqa.selenium.NoSuchElementException: no such element: Unable to locate element: {"method":"xpath","selector":"//span[@class='error ng-binding']"}
  (Session info: chrome=114.0.5735.199)
For documentation on this error, please visit: https://www.selenium.dev/documentation/webdriver/troubleshooting/errors#no-such-element-exception
Build info: version: '4.10.0', revision: 'c14d967899'
System info: os.name: 'Windows 10', os.arch: 'amd64', os.version: '10.0', java.version: '1.8.0_121'
Driver info: org.openqa.selenium.chrome.ChromeDriver
Command: [6decba02b9e384d75cd32fc091eda3d5, findElement {using=xpath, value=//span[@class='error ng-binding']}]
Capabilities {acceptInsecureCerts: false, browserName: chrome, browserVersion: 114.0.5735.199, chrome: {chromedriverVersion: 114.0.5735.90 (386bc09e8f4f..., userDataDir: C:\Users\44744\AppData\Loca...}, goog:chromeOptions: {debuggerAddress: localhost:59632}, networkConnectionEnabled: false, pageLoadStrategy: normal, platformName: windows, proxy: Proxy(), se:cdp: ws://localhost:59632/devtoo..., se:cdpVersion: 114.0.5735.199, setWindowRect: true, strictFileInteractability: false, timeouts: {implicit: 0, pageLoad: 300000, script: 30000}, unhandledPromptBehavior: dismiss and notify, webauthn:extension:credBlob: true, webauthn:extension:largeBlob: true, webauthn:extension:minPinLength: true, webauthn:extension:prf: true, webauthn:virtualAuthenticators: true}
Session ID: 6decba02b9e384d75cd32fc091eda3d5
at sun.reflect.NativeConstructorAccessorImpl.newInstance0(Native Method)
at sun.reflect.NativeConstructorAccessorImpl.newInstance(NativeConstructorAccessorImpl.java:62)
at sun.reflect.DelegatingConstructorAccessorImpl.newInstance(DelegatingConstructorAccessorImpl.java:45)
at java.lang.reflect.Constructor.newInstance(Constructor.java:423)
at org.openqa.selenium.remote.codec.w3c.W3CHttpResponseCodec.createException(W3CHttpResponseCodec.java:199)
at org.openqa.selenium.remote.codec.w3c.W3CHttpResponseCodec.decode(W3CHttpResponseCodec.java:132)
at org.openqa.selenium.remote.codec.w3c.W3CHttpResponseCodec.decode(W3CHttpResponseCodec.java:51)
at org.openqa.selenium.remote.HttpCommandExecutor.execute(HttpCommandExecutor.java:191)
at org.openqa.selenium.remote.service.DriverCommandExecutor.invokeExecute(DriverCommandExecutor.java:196)
at org.openqa.selenium.remote.service.DriverCommandExecutor.execute(DriverCommandExecutor.java:171)
at org.openqa.selenium.remote.RemoteWebDriver.execute(RemoteWebDriver.java:531)
at org.openqa.selenium.remote.ElementLocation$ElementFinder$2.findElement(ElementLocation.java:165)
at org.openqa.selenium.remote.ElementLocation.findElement(ElementLocation.java:59)
at org.openqa.selenium.remote.RemoteWebDriver.findElement(RemoteWebDriver.java:350)
at org.openqa.selenium.remote.RemoteWebDriver.findElement(RemoteWebDriver.java:344)
at org.openqa.selenium.support.pagefactory.DefaultElementLocator.findElement(DefaultElementLocator.java:68)
at org.openqa.selenium.support.pagefactory.internal.LocatingElementHandler.invoke(LocatingElementHandler.java:38)
at com.sun.proxy.$Proxy16.getText(Unknown Source)
at com.xyzbank.utility.Utility.getTextFromElement(Utility.java:65)
at com.xyzbank.pages.AccountPage.getTransitionSuccessMessage(AccountPage.java:40)
at com.xyzbank.testsuite.BankTest.customerShouldWithdrawMoneySuccessfully(BankTest.java:92)
at sun.reflect.NativeMethodAccessorImpl.invoke0(Native Method)
at sun.reflect.NativeMethodAccessorImpl.invoke(NativeMethodAccessorImpl.java:62)
at sun.reflect.DelegatingMethodAccessorImpl.invoke(DelegatingMethodAccessorImpl.java:43)
at java.lang.reflect.Method.invoke(Method.java:498)
at org.testng.internal.invokers.MethodInvocationHelper.invokeMethod(MethodInvocationHelper.java:135)
at org.testng.internal.invokers.TestInvoker.invokeMethod(TestInvoker.java:673)
at org.testng.internal.invokers.TestInvoker.invokeTestMethod(TestInvoker.java:220)
at org.testng.internal.invokers.MethodRunner.runInSequence(MethodRunner.java:50)
at org.testng.internal.invokers.TestInvoker$MethodInvocationAgent.invoke(TestInvoker.java:945)
at org.testng.internal.invokers.TestInvoker.invokeTestMethods(TestInvoker.java:193)
at org.testng.internal.invokers.TestMethodWorker.invokeTestMethods(TestMethodWorker.java:146)
at org.testng.internal.invokers.TestMethodWorker.run(TestMethodWorker.java:128)
at java.util.ArrayList.forEach(ArrayList.java:1249)
at org.testng.TestRunner.privateRun(TestRunner.java:808)
at org.testng.TestRunner.run(TestRunner.java:603)
at org.testng.SuiteRunner.runTest(SuiteRunner.java:429)
at org.testng.SuiteRunner.runSequentially(SuiteRunner.java:423)
at org.testng.SuiteRunner.privateRun(SuiteRunner.java:383)
at org.testng.SuiteRunner.run(SuiteRunner.java:326)
at org.testng.SuiteRunnerWorker.runSuite(SuiteRunnerWorker.java:52)
at org.testng.SuiteRunnerWorker.run(SuiteRunnerWorker.java:95)
at org.testng.TestNG.runSuitesSequentially(TestNG.java:1249)
at org.testng.TestNG.runSuitesLocally(TestNG.java:1169)
at org.testng.TestNG.runSuites(TestNG.java:1092)
at org.testng.TestNG.run(TestNG.java:1060)
at com.intellij.rt.testng.IDEARemoteTestNG.run(IDEARemoteTestNG.java:66)
at com.intellij.rt.testng.RemoteTestNGStarter.main(RemoteTestNGStarter.java:105)
]]>
            </full-stacktrace>
          </exception> <!-- org.openqa.selenium.NoSuchElementException -->
          <reporter-output>
            <line>
              <![CDATA[Click to see screenshot]]>
            </line>
            <line>
              <![CDATA[<a target = "_blank" href=C:\Users\44744\IdeaProjects\xyz-bank-page-factory-project/test-output/html/customerShouldWithdrawMoneySuccessfullyMon_Jul_17_23_46_54_BST_2023.jpg>Screenshot</a>]]>
            </line>
            <line>
              <![CDATA[<br>]]>
            </line>
            <line>
              <![CDATA[<br>]]>
            </line>
            <line>
              <![CDATA[<a target = "_blank" href=C:\Users\44744\IdeaProjects\xyz-bank-page-factory-project/test-output/html/customerShouldWithdrawMoneySuccessfullyMon_Jul_17_23_46_54_BST_2023.jpg><img src=C:\Users\44744\IdeaProjects\xyz-bank-page-factory-project/test-output/html/customerShouldWithdrawMoneySuccessfullyMon_Jul_17_23_46_54_BST_2023.jpg height=200 width=200></img></a>]]>
            </line>
          </reporter-output>
        </test-method> <!-- customerShouldWithdrawMoneySuccessfully -->
        <test-method status="PASS" signature="tearDown()[pri:0, instance:com.xyzbank.testsuite.BankTest@4bbfb90a]" name="tearDown" is-config="true" duration-ms="675" started-at="2023-07-17T23:46:54 BST" finished-at="2023-07-17T23:46:54 BST">
          <reporter-output>
          </reporter-output>
        </test-method> <!-- tearDown -->
      </class> <!-- com.xyzbank.testsuite.BankTest -->
    </test> <!-- xyz-bank-page-factory-project -->
  </suite> <!-- Default Suite -->
</testng-results>
